{"/Users/abdulbasit/Desktop/Abdul/Moniepoint/account-upgrade-ui/libs/shared/src/lib/components/account-details/account-details.tsx": {"path":"/Users/abdulbasit/Desktop/Abdul/Moniepoint/account-upgrade-ui/libs/shared/src/lib/components/account-details/account-details.tsx","statementMap":{"0":{"start":{"line":14,"column":2},"end":{"line":42,"column":4}}},"fnMap":{"0":{"name":"AccountDetails","decl":{"start":{"line":13,"column":16},"end":{"line":13,"column":30}},"loc":{"start":{"line":13,"column":64},"end":{"line":43,"column":1}},"line":13}},"branchMap":{},"s":{"0":2},"f":{"0":2},"b":{},"_coverageSchema":"1a1c01bbd47fc00a2c39e90264f33305004495a9","hash":"241b6cdf0a40e0b6b394758615b8ec2c594644b0"}
,"/Users/abdulbasit/Desktop/Abdul/Moniepoint/account-upgrade-ui/libs/shared/src/lib/components/account-info/account-info.tsx": {"path":"/Users/abdulbasit/Desktop/Abdul/Moniepoint/account-upgrade-ui/libs/shared/src/lib/components/account-info/account-info.tsx","statementMap":{"0":{"start":{"line":12,"column":2},"end":{"line":40,"column":4}}},"fnMap":{"0":{"name":"AccountInfo","decl":{"start":{"line":11,"column":16},"end":{"line":11,"column":27}},"loc":{"start":{"line":11,"column":77},"end":{"line":41,"column":1}},"line":11}},"branchMap":{},"s":{"0":3},"f":{"0":3},"b":{},"_coverageSchema":"1a1c01bbd47fc00a2c39e90264f33305004495a9","hash":"e635b61bc8830bd413b3068b1b968d8f414bd1b5"}
,"/Users/abdulbasit/Desktop/Abdul/Moniepoint/account-upgrade-ui/libs/shared/src/lib/components/account-limit/account-limit.tsx": {"path":"/Users/abdulbasit/Desktop/Abdul/Moniepoint/account-upgrade-ui/libs/shared/src/lib/components/account-limit/account-limit.tsx","statementMap":{"0":{"start":{"line":18,"column":2},"end":{"line":74,"column":4}},"1":{"start":{"line":29,"column":10},"end":{"line":70,"column":19}}},"fnMap":{"0":{"name":"AccountLimit","decl":{"start":{"line":17,"column":16},"end":{"line":17,"column":28}},"loc":{"start":{"line":17,"column":62},"end":{"line":75,"column":1}},"line":17},"1":{"name":"(anonymous_1)","decl":{"start":{"line":28,"column":20},"end":{"line":28,"column":21}},"loc":{"start":{"line":29,"column":10},"end":{"line":70,"column":19}},"line":29}},"branchMap":{},"s":{"0":3,"1":5},"f":{"0":3,"1":5},"b":{},"_coverageSchema":"1a1c01bbd47fc00a2c39e90264f33305004495a9","hash":"05c0e192ab53abcff7a0cb5d7d105874d69e6c57"}
,"/Users/abdulbasit/Desktop/Abdul/Moniepoint/account-upgrade-ui/libs/shared/src/lib/components/account-progress/account-progress.tsx": {"path":"/Users/abdulbasit/Desktop/Abdul/Moniepoint/account-upgrade-ui/libs/shared/src/lib/components/account-progress/account-progress.tsx","statementMap":{"0":{"start":{"line":15,"column":19},"end":{"line":15,"column":32}},"1":{"start":{"line":16,"column":2},"end":{"line":44,"column":4}},"2":{"start":{"line":31,"column":14},"end":{"line":31,"column":37}}},"fnMap":{"0":{"name":"AccountProgress","decl":{"start":{"line":14,"column":16},"end":{"line":14,"column":31}},"loc":{"start":{"line":14,"column":72},"end":{"line":45,"column":1}},"line":14},"1":{"name":"(anonymous_1)","decl":{"start":{"line":30,"column":21},"end":{"line":30,"column":22}},"loc":{"start":{"line":30,"column":27},"end":{"line":32,"column":13}},"line":30}},"branchMap":{},"s":{"0":2,"1":2,"2":1},"f":{"0":2,"1":1},"b":{},"_coverageSchema":"1a1c01bbd47fc00a2c39e90264f33305004495a9","hash":"ea8484a36dd98465b227049147bd9cd3ab677fa6"}
,"/Users/abdulbasit/Desktop/Abdul/Moniepoint/account-upgrade-ui/libs/shared/src/lib/components/feature-highlight/feature-highlight.tsx": {"path":"/Users/abdulbasit/Desktop/Abdul/Moniepoint/account-upgrade-ui/libs/shared/src/lib/components/feature-highlight/feature-highlight.tsx","statementMap":{"0":{"start":{"line":14,"column":2},"end":{"line":28,"column":4}}},"fnMap":{"0":{"name":"FeatureHighlight","decl":{"start":{"line":9,"column":16},"end":{"line":9,"column":32}},"loc":{"start":{"line":13,"column":26},"end":{"line":29,"column":1}},"line":13}},"branchMap":{"0":{"loc":{"start":{"line":11,"column":2},"end":{"line":11,"column":20}},"type":"default-arg","locations":[{"start":{"line":11,"column":18},"end":{"line":11,"column":20}}],"line":11}},"s":{"0":4},"f":{"0":4},"b":{"0":[1]},"_coverageSchema":"1a1c01bbd47fc00a2c39e90264f33305004495a9","hash":"8993b6e29afa6dab488eff429c170681768972bf"}
,"/Users/abdulbasit/Desktop/Abdul/Moniepoint/account-upgrade-ui/libs/shared/src/lib/components/info-banner/info-banner.tsx": {"path":"/Users/abdulbasit/Desktop/Abdul/Moniepoint/account-upgrade-ui/libs/shared/src/lib/components/info-banner/info-banner.tsx","statementMap":{"0":{"start":{"line":14,"column":26},"end":{"line":17,"column":4}},"1":{"start":{"line":19,"column":2},"end":{"line":33,"column":4}}},"fnMap":{"0":{"name":"InfoBanner","decl":{"start":{"line":13,"column":16},"end":{"line":13,"column":26}},"loc":{"start":{"line":13,"column":75},"end":{"line":34,"column":1}},"line":13}},"branchMap":{"0":{"loc":{"start":{"line":24,"column":7},"end":{"line":24,"column":32}},"type":"binary-expr","locations":[{"start":{"line":24,"column":7},"end":{"line":24,"column":11}},{"start":{"line":24,"column":15},"end":{"line":24,"column":32}}],"line":24}},"s":{"0":9,"1":9},"f":{"0":9},"b":{"0":[9,4]},"_coverageSchema":"1a1c01bbd47fc00a2c39e90264f33305004495a9","hash":"25786f686d03dfc769a6ea0a2386d32cc4efc442"}
,"/Users/abdulbasit/Desktop/Abdul/Moniepoint/account-upgrade-ui/libs/shared/src/lib/components/level-header/level-header.tsx": {"path":"/Users/abdulbasit/Desktop/Abdul/Moniepoint/account-upgrade-ui/libs/shared/src/lib/components/level-header/level-header.tsx","statementMap":{"0":{"start":{"line":9,"column":2},"end":{"line":27,"column":4}}},"fnMap":{"0":{"name":"LevelHeader","decl":{"start":{"line":8,"column":16},"end":{"line":8,"column":27}},"loc":{"start":{"line":8,"column":74},"end":{"line":28,"column":1}},"line":8}},"branchMap":{},"s":{"0":3},"f":{"0":3},"b":{},"_coverageSchema":"1a1c01bbd47fc00a2c39e90264f33305004495a9","hash":"9f23e72482f0be4e3d39260c28880f78d3505378"}
,"/Users/abdulbasit/Desktop/Abdul/Moniepoint/account-upgrade-ui/libs/shared/src/lib/components/primer-screen/primer-screen.tsx": {"path":"/Users/abdulbasit/Desktop/Abdul/Moniepoint/account-upgrade-ui/libs/shared/src/lib/components/primer-screen/primer-screen.tsx","statementMap":{"0":{"start":{"line":11,"column":33},"end":{"line":24,"column":3}},"1":{"start":{"line":26,"column":45},"end":{"line":39,"column":3}},"2":{"start":{"line":41,"column":2},"end":{"line":49,"column":4}}},"fnMap":{"0":{"name":"Level2PrimerScreen","decl":{"start":{"line":10,"column":16},"end":{"line":10,"column":34}},"loc":{"start":{"line":10,"column":37},"end":{"line":50,"column":1}},"line":10}},"branchMap":{},"s":{"0":1,"1":1,"2":1},"f":{"0":1},"b":{},"_coverageSchema":"1a1c01bbd47fc00a2c39e90264f33305004495a9","hash":"111f51a49ae24ec5d9249b3b06520cfa3576f9b1"}
,"/Users/abdulbasit/Desktop/Abdul/Moniepoint/account-upgrade-ui/libs/shared/src/lib/components/progress-bar/progress-bar.tsx": {"path":"/Users/abdulbasit/Desktop/Abdul/Moniepoint/account-upgrade-ui/libs/shared/src/lib/components/progress-bar/progress-bar.tsx","statementMap":{"0":{"start":{"line":3,"column":15},"end":{"line":3,"column":71}},"1":{"start":{"line":6,"column":2},"end":{"line":29,"column":4}},"2":{"start":{"line":10,"column":10},"end":{"line":14,"column":17}},"3":{"start":{"line":19,"column":10},"end":{"line":25,"column":22}}},"fnMap":{"0":{"name":"ProgressBar","decl":{"start":{"line":5,"column":16},"end":{"line":5,"column":27}},"loc":{"start":{"line":5,"column":30},"end":{"line":30,"column":1}},"line":5},"1":{"name":"(anonymous_1)","decl":{"start":{"line":9,"column":20},"end":{"line":9,"column":21}},"loc":{"start":{"line":10,"column":10},"end":{"line":14,"column":17}},"line":10},"2":{"name":"(anonymous_2)","decl":{"start":{"line":18,"column":20},"end":{"line":18,"column":21}},"loc":{"start":{"line":19,"column":10},"end":{"line":25,"column":22}},"line":19}},"branchMap":{},"s":{"0":3,"1":3,"2":15,"3":15},"f":{"0":3,"1":15,"2":15},"b":{},"_coverageSchema":"1a1c01bbd47fc00a2c39e90264f33305004495a9","hash":"f32f3099da26170fb6ecb990fe1f4cf9be18b639"}
,"/Users/abdulbasit/Desktop/Abdul/Moniepoint/account-upgrade-ui/libs/shared/src/lib/components/upgrade-header/upgrade-header.tsx": {"path":"/Users/abdulbasit/Desktop/Abdul/Moniepoint/account-upgrade-ui/libs/shared/src/lib/components/upgrade-header/upgrade-header.tsx","statementMap":{"0":{"start":{"line":10,"column":2},"end":{"line":30,"column":4}}},"fnMap":{"0":{"name":"UpgradeHeader","decl":{"start":{"line":9,"column":16},"end":{"line":9,"column":29}},"loc":{"start":{"line":9,"column":71},"end":{"line":31,"column":1}},"line":9}},"branchMap":{},"s":{"0":5},"f":{"0":5},"b":{},"_coverageSchema":"1a1c01bbd47fc00a2c39e90264f33305004495a9","hash":"dd626899437cb7f276c8b578dd68ca3551fc80f4"}
,"/Users/abdulbasit/Desktop/Abdul/Moniepoint/account-upgrade-ui/libs/shared/src/lib/components/upgrade-requirement/upgrade-requirement.tsx": {"path":"/Users/abdulbasit/Desktop/Abdul/Moniepoint/account-upgrade-ui/libs/shared/src/lib/components/upgrade-requirement/upgrade-requirement.tsx","statementMap":{"0":{"start":{"line":9,"column":2},"end":{"line":41,"column":4}},"1":{"start":{"line":19,"column":8},"end":{"line":38,"column":14}}},"fnMap":{"0":{"name":"UpgradeRequirement","decl":{"start":{"line":8,"column":16},"end":{"line":8,"column":34}},"loc":{"start":{"line":8,"column":78},"end":{"line":42,"column":1}},"line":8},"1":{"name":"(anonymous_1)","decl":{"start":{"line":18,"column":24},"end":{"line":18,"column":25}},"loc":{"start":{"line":19,"column":8},"end":{"line":38,"column":14}},"line":19}},"branchMap":{},"s":{"0":4,"1":7},"f":{"0":4,"1":7},"b":{},"_coverageSchema":"1a1c01bbd47fc00a2c39e90264f33305004495a9","hash":"9798803f46cdf9572e74b0f421b5334609cfa16a"}
,"/Users/abdulbasit/Desktop/Abdul/Moniepoint/account-upgrade-ui/libs/shared/src/lib/layouts/layout.tsx": {"path":"/Users/abdulbasit/Desktop/Abdul/Moniepoint/account-upgrade-ui/libs/shared/src/lib/layouts/layout.tsx","statementMap":{"0":{"start":{"line":3,"column":26},"end":{"line":5,"column":1}},"1":{"start":{"line":4,"column":2},"end":{"line":4,"column":20}}},"fnMap":{"0":{"name":"(anonymous_0)","decl":{"start":{"line":3,"column":26},"end":{"line":3,"column":27}},"loc":{"start":{"line":3,"column":32},"end":{"line":5,"column":1}},"line":3}},"branchMap":{},"s":{"0":1,"1":1},"f":{"0":1},"b":{},"_coverageSchema":"1a1c01bbd47fc00a2c39e90264f33305004495a9","hash":"c9a7f565ed0174e09f1073cb228049ade18bee89"}
,"/Users/abdulbasit/Desktop/Abdul/Moniepoint/account-upgrade-ui/libs/shared/src/lib/layouts/navbar/navbar.tsx": {"path":"/Users/abdulbasit/Desktop/Abdul/Moniepoint/account-upgrade-ui/libs/shared/src/lib/layouts/navbar/navbar.tsx","statementMap":{"0":{"start":{"line":7,"column":22},"end":{"line":46,"column":1}},"1":{"start":{"line":8,"column":45},"end":{"line":8,"column":54}},"2":{"start":{"line":9,"column":19},"end":{"line":9,"column":32}},"3":{"start":{"line":11,"column":27},"end":{"line":17,"column":3}},"4":{"start":{"line":12,"column":4},"end":{"line":16,"column":5}},"5":{"start":{"line":13,"column":6},"end":{"line":13,"column":23}},"6":{"start":{"line":15,"column":6},"end":{"line":15,"column":20}},"7":{"start":{"line":19,"column":2},"end":{"line":45,"column":4}}},"fnMap":{"0":{"name":"(anonymous_0)","decl":{"start":{"line":7,"column":22},"end":{"line":7,"column":23}},"loc":{"start":{"line":7,"column":28},"end":{"line":46,"column":1}},"line":7},"1":{"name":"(anonymous_1)","decl":{"start":{"line":11,"column":27},"end":{"line":11,"column":28}},"loc":{"start":{"line":11,"column":33},"end":{"line":17,"column":3}},"line":11}},"branchMap":{"0":{"loc":{"start":{"line":12,"column":4},"end":{"line":16,"column":5}},"type":"if","locations":[{"start":{"line":12,"column":4},"end":{"line":16,"column":5}},{"start":{"line":14,"column":11},"end":{"line":16,"column":5}}],"line":12}},"s":{"0":2,"1":3,"2":3,"3":3,"4":2,"5":1,"6":1,"7":3},"f":{"0":3,"1":2},"b":{"0":[1,1]},"_coverageSchema":"1a1c01bbd47fc00a2c39e90264f33305004495a9","hash":"a213a7fbc0e4ac28d4d8da993dec9bea16eebf28"}
,"/Users/abdulbasit/Desktop/Abdul/Moniepoint/account-upgrade-ui/libs/shared/src/lib/providers/types.ts": {"path":"/Users/abdulbasit/Desktop/Abdul/Moniepoint/account-upgrade-ui/libs/shared/src/lib/providers/types.ts","statementMap":{},"fnMap":{},"branchMap":{},"s":{},"f":{},"b":{},"_coverageSchema":"1a1c01bbd47fc00a2c39e90264f33305004495a9","hash":"2dccb17b9218139e57fea2dbdc130248fc00cb48"}
,"/Users/abdulbasit/Desktop/Abdul/Moniepoint/account-upgrade-ui/libs/shared/src/lib/providers/auth/auth-provider.tsx": {"path":"/Users/abdulbasit/Desktop/Abdul/Moniepoint/account-upgrade-ui/libs/shared/src/lib/providers/auth/auth-provider.tsx","statementMap":{"0":{"start":{"line":6,"column":20},"end":{"line":6,"column":63}},"1":{"start":{"line":9,"column":19},"end":{"line":9,"column":32}},"2":{"start":{"line":10,"column":48},"end":{"line":10,"column":62}},"3":{"start":{"line":12,"column":16},"end":{"line":15,"column":3}},"4":{"start":{"line":13,"column":4},"end":{"line":13,"column":27}},"5":{"start":{"line":14,"column":4},"end":{"line":14,"column":21}},"6":{"start":{"line":17,"column":17},"end":{"line":20,"column":3}},"7":{"start":{"line":18,"column":4},"end":{"line":18,"column":28}},"8":{"start":{"line":19,"column":4},"end":{"line":19,"column":18}},"9":{"start":{"line":22,"column":2},"end":{"line":26,"column":4}},"10":{"start":{"line":29,"column":23},"end":{"line":35,"column":1}},"11":{"start":{"line":30,"column":18},"end":{"line":30,"column":41}},"12":{"start":{"line":31,"column":2},"end":{"line":33,"column":3}},"13":{"start":{"line":32,"column":4},"end":{"line":32,"column":67}},"14":{"start":{"line":34,"column":2},"end":{"line":34,"column":17}}},"fnMap":{"0":{"name":"AuthProvider","decl":{"start":{"line":8,"column":16},"end":{"line":8,"column":28}},"loc":{"start":{"line":8,"column":62},"end":{"line":27,"column":1}},"line":8},"1":{"name":"(anonymous_1)","decl":{"start":{"line":12,"column":16},"end":{"line":12,"column":17}},"loc":{"start":{"line":12,"column":22},"end":{"line":15,"column":3}},"line":12},"2":{"name":"(anonymous_2)","decl":{"start":{"line":17,"column":17},"end":{"line":17,"column":18}},"loc":{"start":{"line":17,"column":23},"end":{"line":20,"column":3}},"line":17},"3":{"name":"(anonymous_3)","decl":{"start":{"line":29,"column":23},"end":{"line":29,"column":24}},"loc":{"start":{"line":29,"column":29},"end":{"line":35,"column":1}},"line":29}},"branchMap":{"0":{"loc":{"start":{"line":31,"column":2},"end":{"line":33,"column":3}},"type":"if","locations":[{"start":{"line":31,"column":2},"end":{"line":33,"column":3}},{"start":{},"end":{}}],"line":31}},"s":{"0":3,"1":3,"2":3,"3":3,"4":1,"5":1,"6":3,"7":1,"8":1,"9":3,"10":3,"11":8,"12":7,"13":4,"14":3},"f":{"0":3,"1":1,"2":1,"3":8},"b":{"0":[4,3]},"_coverageSchema":"1a1c01bbd47fc00a2c39e90264f33305004495a9","hash":"93a4d943e51f436c016b60858f522435a29830de"}
,"/Users/abdulbasit/Desktop/Abdul/Moniepoint/account-upgrade-ui/libs/shared/src/lib/providers/event-bus/event-bus-provider.tsx": {"path":"/Users/abdulbasit/Desktop/Abdul/Moniepoint/account-upgrade-ui/libs/shared/src/lib/providers/event-bus/event-bus-provider.tsx","statementMap":{"0":{"start":{"line":4,"column":24},"end":{"line":4,"column":70}},"1":{"start":{"line":8,"column":4},"end":{"line":14,"column":1}},"2":{"start":{"line":9,"column":2},"end":{"line":13,"column":4}},"3":{"start":{"line":16,"column":27},"end":{"line":22,"column":1}},"4":{"start":{"line":17,"column":18},"end":{"line":17,"column":45}},"5":{"start":{"line":18,"column":2},"end":{"line":20,"column":3}},"6":{"start":{"line":19,"column":4},"end":{"line":19,"column":75}},"7":{"start":{"line":21,"column":2},"end":{"line":21,"column":17}}},"fnMap":{"0":{"name":"(anonymous_0)","decl":{"start":{"line":8,"column":4},"end":{"line":8,"column":5}},"loc":{"start":{"line":8,"column":32},"end":{"line":14,"column":1}},"line":8},"1":{"name":"(anonymous_1)","decl":{"start":{"line":16,"column":27},"end":{"line":16,"column":28}},"loc":{"start":{"line":16,"column":33},"end":{"line":22,"column":1}},"line":16}},"branchMap":{"0":{"loc":{"start":{"line":18,"column":2},"end":{"line":20,"column":3}},"type":"if","locations":[{"start":{"line":18,"column":2},"end":{"line":20,"column":3}},{"start":{},"end":{}}],"line":18}},"s":{"0":3,"1":3,"2":1,"3":3,"4":6,"5":5,"6":4,"7":1},"f":{"0":1,"1":6},"b":{"0":[4,1]},"_coverageSchema":"1a1c01bbd47fc00a2c39e90264f33305004495a9","hash":"fbf26cce3d63419d9ddb8915c178fb299aa5b88b"}
,"/Users/abdulbasit/Desktop/Abdul/Moniepoint/account-upgrade-ui/libs/shared/src/lib/providers/event-bus/use-event-bus-action.tsx": {"path":"/Users/abdulbasit/Desktop/Abdul/Moniepoint/account-upgrade-ui/libs/shared/src/lib/providers/event-bus/use-event-bus-action.tsx","statementMap":{"0":{"start":{"line":5,"column":33},"end":{"line":37,"column":1}},"1":{"start":{"line":6,"column":19},"end":{"line":6,"column":32}},"2":{"start":{"line":8,"column":21},"end":{"line":17,"column":3}},"3":{"start":{"line":10,"column":6},"end":{"line":14,"column":7}},"4":{"start":{"line":11,"column":8},"end":{"line":11,"column":41}},"5":{"start":{"line":13,"column":8},"end":{"line":13,"column":72}},"6":{"start":{"line":19,"column":26},"end":{"line":30,"column":3}},"7":{"start":{"line":21,"column":6},"end":{"line":24,"column":7}},"8":{"start":{"line":22,"column":8},"end":{"line":22,"column":44}},"9":{"start":{"line":23,"column":8},"end":{"line":23,"column":59}},"10":{"start":{"line":23,"column":21},"end":{"line":23,"column":58}},"11":{"start":{"line":25,"column":6},"end":{"line":25,"column":78}},"12":{"start":{"line":27,"column":6},"end":{"line":27,"column":21}},"13":{"start":{"line":27,"column":19},"end":{"line":27,"column":20}},"14":{"start":{"line":32,"column":2},"end":{"line":36,"column":4}}},"fnMap":{"0":{"name":"(anonymous_0)","decl":{"start":{"line":5,"column":33},"end":{"line":5,"column":34}},"loc":{"start":{"line":5,"column":39},"end":{"line":37,"column":1}},"line":5},"1":{"name":"(anonymous_1)","decl":{"start":{"line":9,"column":4},"end":{"line":9,"column":5}},"loc":{"start":{"line":9,"column":56},"end":{"line":15,"column":5}},"line":9},"2":{"name":"(anonymous_2)","decl":{"start":{"line":20,"column":4},"end":{"line":20,"column":5}},"loc":{"start":{"line":20,"column":75},"end":{"line":28,"column":5}},"line":20},"3":{"name":"(anonymous_3)","decl":{"start":{"line":23,"column":15},"end":{"line":23,"column":16}},"loc":{"start":{"line":23,"column":21},"end":{"line":23,"column":58}},"line":23},"4":{"name":"(anonymous_4)","decl":{"start":{"line":27,"column":13},"end":{"line":27,"column":14}},"loc":{"start":{"line":27,"column":19},"end":{"line":27,"column":20}},"line":27}},"branchMap":{"0":{"loc":{"start":{"line":10,"column":6},"end":{"line":14,"column":7}},"type":"if","locations":[{"start":{"line":10,"column":6},"end":{"line":14,"column":7}},{"start":{"line":12,"column":13},"end":{"line":14,"column":7}}],"line":10},"1":{"loc":{"start":{"line":21,"column":6},"end":{"line":24,"column":7}},"type":"if","locations":[{"start":{"line":21,"column":6},"end":{"line":24,"column":7}},{"start":{},"end":{}}],"line":21}},"s":{"0":3,"1":4,"2":4,"3":2,"4":1,"5":1,"6":4,"7":2,"8":1,"9":1,"10":1,"11":1,"12":1,"13":1,"14":4},"f":{"0":4,"1":2,"2":2,"3":1,"4":1},"b":{"0":[1,1],"1":[1,1]},"_coverageSchema":"1a1c01bbd47fc00a2c39e90264f33305004495a9","hash":"bbc02e11fa8eb203deb65bac4df333c9b98368ec"}
}
