TN:
SF:src/lib/components/account-details/account-details.tsx
FN:13,AccountDetails
FNF:1
FNH:1
FNDA:2,AccountDetails
DA:14,2
LF:1
LH:1
BRF:0
BRH:0
end_of_record
TN:
SF:src/lib/components/account-info/account-info.tsx
FN:11,AccountInfo
FNF:1
FNH:1
FNDA:3,AccountInfo
DA:12,3
LF:1
LH:1
BRF:0
BRH:0
end_of_record
TN:
SF:src/lib/components/account-limit/account-limit.tsx
FN:17,AccountLimit
FN:28,(anonymous_1)
FNF:2
FNH:2
FNDA:3,AccountLimit
FNDA:5,(anonymous_1)
DA:18,3
DA:29,5
LF:2
LH:2
BRF:0
BRH:0
end_of_record
TN:
SF:src/lib/components/account-progress/account-progress.tsx
FN:14,AccountProgress
FN:30,(anonymous_1)
FNF:2
FNH:2
FNDA:2,AccountProgress
FNDA:1,(anonymous_1)
DA:15,2
DA:16,2
DA:31,1
LF:3
LH:3
BRF:0
BRH:0
end_of_record
TN:
SF:src/lib/components/feature-highlight/feature-highlight.tsx
FN:9,FeatureHighlight
FNF:1
FNH:1
FNDA:4,FeatureHighlight
DA:14,4
LF:1
LH:1
BRDA:11,0,0,1
BRF:1
BRH:1
end_of_record
TN:
SF:src/lib/components/info-banner/info-banner.tsx
FN:13,InfoBanner
FNF:1
FNH:1
FNDA:9,InfoBanner
DA:14,9
DA:19,9
LF:2
LH:2
BRDA:24,0,0,9
BRDA:24,0,1,4
BRF:2
BRH:2
end_of_record
TN:
SF:src/lib/components/level-header/level-header.tsx
FN:8,LevelHeader
FNF:1
FNH:1
FNDA:3,LevelHeader
DA:9,3
LF:1
LH:1
BRF:0
BRH:0
end_of_record
TN:
SF:src/lib/components/primer-screen/primer-screen.tsx
FN:10,Level2PrimerScreen
FNF:1
FNH:1
FNDA:1,Level2PrimerScreen
DA:11,1
DA:26,1
DA:41,1
LF:3
LH:3
BRF:0
BRH:0
end_of_record
TN:
SF:src/lib/components/progress-bar/progress-bar.tsx
FN:5,ProgressBar
FN:9,(anonymous_1)
FN:18,(anonymous_2)
FNF:3
FNH:3
FNDA:3,ProgressBar
FNDA:15,(anonymous_1)
FNDA:15,(anonymous_2)
DA:3,3
DA:6,3
DA:10,15
DA:19,15
LF:4
LH:4
BRF:0
BRH:0
end_of_record
TN:
SF:src/lib/components/upgrade-header/upgrade-header.tsx
FN:9,UpgradeHeader
FNF:1
FNH:1
FNDA:5,UpgradeHeader
DA:10,5
LF:1
LH:1
BRF:0
BRH:0
end_of_record
TN:
SF:src/lib/components/upgrade-requirement/upgrade-requirement.tsx
FN:8,UpgradeRequirement
FN:18,(anonymous_1)
FNF:2
FNH:2
FNDA:4,UpgradeRequirement
FNDA:7,(anonymous_1)
DA:9,4
DA:19,7
LF:2
LH:2
BRF:0
BRH:0
end_of_record
TN:
SF:src/lib/layouts/layout.tsx
FN:3,(anonymous_0)
FNF:1
FNH:1
FNDA:1,(anonymous_0)
DA:3,1
DA:4,1
LF:2
LH:2
BRF:0
BRH:0
end_of_record
TN:
SF:src/lib/layouts/navbar/navbar.tsx
FN:7,(anonymous_0)
FN:11,(anonymous_1)
FNF:2
FNH:2
FNDA:3,(anonymous_0)
FNDA:2,(anonymous_1)
DA:7,2
DA:8,3
DA:9,3
DA:11,3
DA:12,2
DA:13,1
DA:15,1
DA:19,3
LF:8
LH:8
BRDA:12,0,0,1
BRDA:12,0,1,1
BRF:2
BRH:2
end_of_record
TN:
SF:src/lib/providers/types.ts
FNF:0
FNH:0
LF:0
LH:0
BRF:0
BRH:0
end_of_record
TN:
SF:src/lib/providers/auth/auth-provider.tsx
FN:8,AuthProvider
FN:12,(anonymous_1)
FN:17,(anonymous_2)
FN:29,(anonymous_3)
FNF:4
FNH:4
FNDA:3,AuthProvider
FNDA:1,(anonymous_1)
FNDA:1,(anonymous_2)
FNDA:8,(anonymous_3)
DA:6,3
DA:9,3
DA:10,3
DA:12,3
DA:13,1
DA:14,1
DA:17,3
DA:18,1
DA:19,1
DA:22,3
DA:29,3
DA:30,8
DA:31,7
DA:32,4
DA:34,3
LF:15
LH:15
BRDA:31,0,0,4
BRDA:31,0,1,3
BRF:2
BRH:2
end_of_record
TN:
SF:src/lib/providers/event-bus/event-bus-provider.tsx
FN:8,(anonymous_0)
FN:16,(anonymous_1)
FNF:2
FNH:2
FNDA:1,(anonymous_0)
FNDA:6,(anonymous_1)
DA:4,3
DA:8,3
DA:9,1
DA:16,3
DA:17,6
DA:18,5
DA:19,4
DA:21,1
LF:8
LH:8
BRDA:18,0,0,4
BRDA:18,0,1,1
BRF:2
BRH:2
end_of_record
TN:
SF:src/lib/providers/event-bus/use-event-bus-action.tsx
FN:5,(anonymous_0)
FN:9,(anonymous_1)
FN:20,(anonymous_2)
FN:23,(anonymous_3)
FN:27,(anonymous_4)
FNF:5
FNH:5
FNDA:4,(anonymous_0)
FNDA:2,(anonymous_1)
FNDA:2,(anonymous_2)
FNDA:1,(anonymous_3)
FNDA:1,(anonymous_4)
DA:5,3
DA:6,4
DA:8,4
DA:10,2
DA:11,1
DA:13,1
DA:19,4
DA:21,2
DA:22,1
DA:23,1
DA:25,1
DA:27,1
DA:32,4
LF:13
LH:13
BRDA:10,0,0,1
BRDA:10,0,1,1
BRDA:21,1,0,1
BRDA:21,1,1,1
BRF:4
BRH:4
end_of_record
