TN:
SF:src/app/app.tsx
FN:10,App
FNF:1
FNH:1
FNDA:1,App
DA:11,1
DA:12,1
DA:19,1
LF:3
LH:3
BRDA:10,0,0,1
BRF:1
BRH:1
end_of_record
TN:
SF:src/app/routes/routes.tsx
FN:4,(anonymous_0)
FN:6,(anonymous_1)
FN:9,(anonymous_2)
FN:11,(anonymous_3)
FN:14,(anonymous_4)
FN:16,(anonymous_5)
FNF:6
FNH:6
FNDA:1,(anonymous_0)
FNDA:1,(anonymous_1)
FNDA:1,(anonymous_2)
FNDA:1,(anonymous_3)
FNDA:1,(anonymous_4)
FNDA:1,(anonymous_5)
DA:4,2
DA:5,1
DA:6,1
DA:9,2
DA:10,1
DA:11,1
DA:14,2
DA:15,1
DA:16,1
DA:19,2
LF:10
LH:10
BRF:0
BRH:0
end_of_record
