{"/Users/abdulbasit/Desktop/Abdul/Moniepoint/account-upgrade-ui/libs/modules/src/lib/modules.tsx": {"path":"/Users/abdulbasit/Desktop/Abdul/Moniepoint/account-upgrade-ui/libs/modules/src/lib/modules.tsx","statementMap":{"0":{"start":{"line":4,"column":2},"end":{"line":8,"column":4}}},"fnMap":{"0":{"name":"Modules","decl":{"start":{"line":3,"column":16},"end":{"line":3,"column":23}},"loc":{"start":{"line":3,"column":26},"end":{"line":9,"column":1}},"line":3}},"branchMap":{},"s":{"0":1},"f":{"0":1},"b":{},"_coverageSchema":"1a1c01bbd47fc00a2c39e90264f33305004495a9","hash":"894b289b0a5fbe79aba9bd4b52e57b166203c99f"}
}
