<?xml version="1.0" encoding="UTF-8"?>
<coverage generated="1733995890700" clover="3.2.0">
  <project timestamp="1733995890700" name="All files">
    <metrics statements="11" coveredstatements="11" conditionals="0" coveredconditionals="0" methods="9" coveredmethods="9" elements="20" coveredelements="20" complexity="0" loc="11" ncloc="11" packages="2" files="2" classes="2"/>
    <package name="app-mode">
      <metrics statements="5" coveredstatements="5" conditionals="0" coveredconditionals="0" methods="4" coveredmethods="4"/>
      <file name="app-mode.store.ts" path="/Users/abdulbasit/Desktop/Abdul/Moniepoint/account-upgrade-ui/libs/store/src/lib/app-mode/app-mode.store.ts">
        <metrics statements="5" coveredstatements="5" conditionals="0" coveredconditionals="0" methods="4" coveredmethods="4"/>
        <line num="5" count="1" type="stmt"/>
        <line num="7" count="1" type="stmt"/>
        <line num="9" count="1" type="stmt"/>
        <line num="13" count="1" type="stmt"/>
        <line num="14" count="1" type="stmt"/>
      </file>
    </package>
    <package name="auth">
      <metrics statements="6" coveredstatements="6" conditionals="0" coveredconditionals="0" methods="5" coveredmethods="5"/>
      <file name="user-auth.store.ts" path="/Users/abdulbasit/Desktop/Abdul/Moniepoint/account-upgrade-ui/libs/store/src/lib/auth/user-auth.store.ts">
        <metrics statements="6" coveredstatements="6" conditionals="0" coveredconditionals="0" methods="5" coveredmethods="5"/>
        <line num="5" count="1" type="stmt"/>
        <line num="7" count="1" type="stmt"/>
        <line num="9" count="3" type="stmt"/>
        <line num="10" count="1" type="stmt"/>
        <line num="14" count="1" type="stmt"/>
        <line num="15" count="4" type="stmt"/>
      </file>
    </package>
  </project>
</coverage>
