{"/Users/abdulbasit/Desktop/Abdul/Moniepoint/account-upgrade-ui/libs/store/src/lib/app-mode/app-mode.store.ts": {"path":"/Users/abdulbasit/Desktop/Abdul/Moniepoint/account-upgrade-ui/libs/store/src/lib/app-mode/app-mode.store.ts","statementMap":{"0":{"start":{"line":5,"column":31},"end":{"line":17,"column":1}},"1":{"start":{"line":7,"column":14},"end":{"line":10,"column":5}},"2":{"start":{"line":9,"column":32},"end":{"line":9,"column":60}},"3":{"start":{"line":13,"column":39},"end":{"line":13,"column":51}},"4":{"start":{"line":14,"column":30},"end":{"line":14,"column":66}}},"fnMap":{"0":{"name":"(anonymous_0)","decl":{"start":{"line":7,"column":4},"end":{"line":7,"column":5}},"loc":{"start":{"line":7,"column":14},"end":{"line":10,"column":5}},"line":7},"1":{"name":"(anonymous_1)","decl":{"start":{"line":9,"column":21},"end":{"line":9,"column":22}},"loc":{"start":{"line":9,"column":32},"end":{"line":9,"column":60}},"line":9},"2":{"name":"(anonymous_2)","decl":{"start":{"line":13,"column":33},"end":{"line":13,"column":34}},"loc":{"start":{"line":13,"column":39},"end":{"line":13,"column":51}},"line":13},"3":{"name":"(anonymous_3)","decl":{"start":{"line":14,"column":18},"end":{"line":14,"column":19}},"loc":{"start":{"line":14,"column":30},"end":{"line":14,"column":66}},"line":14}},"branchMap":{},"s":{"0":1,"1":1,"2":1,"3":1,"4":1},"f":{"0":1,"1":1,"2":1,"3":1},"b":{},"_coverageSchema":"1a1c01bbd47fc00a2c39e90264f33305004495a9","hash":"dd9e6232371c3176bd3d49cbf32a62b7c180fe2f"}
,"/Users/abdulbasit/Desktop/Abdul/Moniepoint/account-upgrade-ui/libs/store/src/lib/auth/user-auth.store.ts": {"path":"/Users/abdulbasit/Desktop/Abdul/Moniepoint/account-upgrade-ui/libs/store/src/lib/auth/user-auth.store.ts","statementMap":{"0":{"start":{"line":5,"column":28},"end":{"line":18,"column":1}},"1":{"start":{"line":7,"column":14},"end":{"line":11,"column":5}},"2":{"start":{"line":9,"column":35},"end":{"line":9,"column":66}},"3":{"start":{"line":10,"column":20},"end":{"line":10,"column":51}},"4":{"start":{"line":14,"column":39},"end":{"line":14,"column":51}},"5":{"start":{"line":15,"column":30},"end":{"line":15,"column":72}}},"fnMap":{"0":{"name":"(anonymous_0)","decl":{"start":{"line":7,"column":4},"end":{"line":7,"column":5}},"loc":{"start":{"line":7,"column":14},"end":{"line":11,"column":5}},"line":7},"1":{"name":"(anonymous_1)","decl":{"start":{"line":9,"column":24},"end":{"line":9,"column":25}},"loc":{"start":{"line":9,"column":35},"end":{"line":9,"column":66}},"line":9},"2":{"name":"(anonymous_2)","decl":{"start":{"line":10,"column":14},"end":{"line":10,"column":15}},"loc":{"start":{"line":10,"column":20},"end":{"line":10,"column":51}},"line":10},"3":{"name":"(anonymous_3)","decl":{"start":{"line":14,"column":33},"end":{"line":14,"column":34}},"loc":{"start":{"line":14,"column":39},"end":{"line":14,"column":51}},"line":14},"4":{"name":"(anonymous_4)","decl":{"start":{"line":15,"column":18},"end":{"line":15,"column":19}},"loc":{"start":{"line":15,"column":30},"end":{"line":15,"column":72}},"line":15}},"branchMap":{},"s":{"0":1,"1":1,"2":3,"3":1,"4":1,"5":4},"f":{"0":1,"1":3,"2":1,"3":1,"4":4},"b":{},"_coverageSchema":"1a1c01bbd47fc00a2c39e90264f33305004495a9","hash":"5b403fa99b8157916d1ff4ac38a29e355dcd2977"}
}
