{"/Users/abdulbasit/Desktop/Abdul/Moniepoint/account-upgrade-ui/libs/ui/src/lib/ui.tsx": {"path":"/Users/abdulbasit/Desktop/Abdul/Moniepoint/account-upgrade-ui/libs/ui/src/lib/ui.tsx","statementMap":{"0":{"start":{"line":4,"column":2},"end":{"line":8,"column":4}}},"fnMap":{"0":{"name":"Ui","decl":{"start":{"line":3,"column":16},"end":{"line":3,"column":18}},"loc":{"start":{"line":3,"column":21},"end":{"line":9,"column":1}},"line":3}},"branchMap":{},"s":{"0":1},"f":{"0":1},"b":{},"_coverageSchema":"1a1c01bbd47fc00a2c39e90264f33305004495a9","hash":"bb6ade2f885a44039f4fc84b79511e4f99734655"}
}
