{"/Users/abdulbasit/Desktop/Abdul/Moniepoint/account-upgrade-ui/libs/core/src/lib/config/config.ts": {"path":"/Users/abdulbasit/Desktop/Abdul/Moniepoint/account-upgrade-ui/libs/core/src/lib/config/config.ts","statementMap":{"0":{"start":{"line":1,"column":22},"end":{"line":3,"column":1}}},"fnMap":{},"branchMap":{},"s":{"0":1},"f":{},"b":{},"_coverageSchema":"1a1c01bbd47fc00a2c39e90264f33305004495a9","hash":"a51f373a28c7a1847de07f5559fc8c6b601e5598"}
,"/Users/abdulbasit/Desktop/Abdul/Moniepoint/account-upgrade-ui/libs/core/src/lib/routing/constants/events.ts": {"path":"/Users/abdulbasit/Desktop/Abdul/Moniepoint/account-upgrade-ui/libs/core/src/lib/routing/constants/events.ts","statementMap":{"0":{"start":{"line":1,"column":48},"end":{"line":1,"column":65}},"1":{"start":{"line":2,"column":37},"end":{"line":2,"column":43}},"2":{"start":{"line":4,"column":22},"end":{"line":12,"column":10}}},"fnMap":{},"branchMap":{},"s":{"0":3,"1":3,"2":3},"f":{},"b":{},"_coverageSchema":"1a1c01bbd47fc00a2c39e90264f33305004495a9","hash":"0094e43c3d9f1ee087f6817e43a5d72cf6143a77"}
,"/Users/abdulbasit/Desktop/Abdul/Moniepoint/account-upgrade-ui/libs/core/src/lib/routing/constants/routes.ts": {"path":"/Users/abdulbasit/Desktop/Abdul/Moniepoint/account-upgrade-ui/libs/core/src/lib/routing/constants/routes.ts","statementMap":{"0":{"start":{"line":2,"column":40},"end":{"line":2,"column":56}},"1":{"start":{"line":4,"column":34},"end":{"line":7,"column":10}}},"fnMap":{},"branchMap":{},"s":{"0":3,"1":3},"f":{},"b":{},"_coverageSchema":"1a1c01bbd47fc00a2c39e90264f33305004495a9","hash":"2d10aa2ea65ae6bee966bab834ebfc3ec0a0cba4"}
,"/Users/abdulbasit/Desktop/Abdul/Moniepoint/account-upgrade-ui/libs/core/src/lib/routing/guards/protected-route.tsx": {"path":"/Users/abdulbasit/Desktop/Abdul/Moniepoint/account-upgrade-ui/libs/core/src/lib/routing/guards/protected-route.tsx","statementMap":{"0":{"start":{"line":8,"column":30},"end":{"line":19,"column":1}},"1":{"start":{"line":12,"column":26},"end":{"line":12,"column":72}},"2":{"start":{"line":12,"column":50},"end":{"line":12,"column":71}},"3":{"start":{"line":14,"column":2},"end":{"line":16,"column":3}},"4":{"start":{"line":15,"column":4},"end":{"line":15,"column":48}},"5":{"start":{"line":18,"column":2},"end":{"line":18,"column":25}}},"fnMap":{"0":{"name":"(anonymous_0)","decl":{"start":{"line":8,"column":30},"end":{"line":8,"column":31}},"loc":{"start":{"line":11,"column":27},"end":{"line":19,"column":1}},"line":11},"1":{"name":"(anonymous_1)","decl":{"start":{"line":12,"column":39},"end":{"line":12,"column":40}},"loc":{"start":{"line":12,"column":50},"end":{"line":12,"column":71}},"line":12}},"branchMap":{"0":{"loc":{"start":{"line":10,"column":2},"end":{"line":10,"column":18}},"type":"default-arg","locations":[{"start":{"line":10,"column":15},"end":{"line":10,"column":18}}],"line":10},"1":{"loc":{"start":{"line":14,"column":2},"end":{"line":16,"column":3}},"type":"if","locations":[{"start":{"line":14,"column":2},"end":{"line":16,"column":3}},{"start":{},"end":{}}],"line":14}},"s":{"0":1,"1":2,"2":2,"3":2,"4":1,"5":1},"f":{"0":2,"1":2},"b":{"0":[1],"1":[1,1]},"_coverageSchema":"1a1c01bbd47fc00a2c39e90264f33305004495a9","hash":"f659814d5e09955dbbc626e23a8a0ddcc97b2477"}
,"/Users/abdulbasit/Desktop/Abdul/Moniepoint/account-upgrade-ui/libs/core/src/lib/routing/hooks/use-host-navigation.ts": {"path":"/Users/abdulbasit/Desktop/Abdul/Moniepoint/account-upgrade-ui/libs/core/src/lib/routing/hooks/use-host-navigation.ts","statementMap":{"0":{"start":{"line":6,"column":33},"end":{"line":55,"column":1}},"1":{"start":{"line":7,"column":19},"end":{"line":7,"column":32}},"2":{"start":{"line":8,"column":19},"end":{"line":8,"column":32}},"3":{"start":{"line":9,"column":26},"end":{"line":9,"column":53}},"4":{"start":{"line":11,"column":2},"end":{"line":32,"column":45}},"5":{"start":{"line":12,"column":35},"end":{"line":19,"column":5}},"6":{"start":{"line":13,"column":46},"end":{"line":15,"column":14}},"7":{"start":{"line":16,"column":6},"end":{"line":18,"column":7}},"8":{"start":{"line":17,"column":8},"end":{"line":17,"column":23}},"9":{"start":{"line":21,"column":4},"end":{"line":24,"column":6}},"10":{"start":{"line":26,"column":4},"end":{"line":31,"column":6}},"11":{"start":{"line":27,"column":6},"end":{"line":30,"column":8}},"12":{"start":{"line":34,"column":2},"end":{"line":38,"column":35}},"13":{"start":{"line":35,"column":4},"end":{"line":37,"column":5}},"14":{"start":{"line":36,"column":6},"end":{"line":36,"column":40}},"15":{"start":{"line":40,"column":25},"end":{"line":52,"column":3}},"16":{"start":{"line":41,"column":4},"end":{"line":51,"column":5}},"17":{"start":{"line":42,"column":6},"end":{"line":42,"column":37}},"18":{"start":{"line":44,"column":20},"end":{"line":49,"column":8}},"19":{"start":{"line":50,"column":6},"end":{"line":50,"column":34}},"20":{"start":{"line":54,"column":2},"end":{"line":54,"column":24}}},"fnMap":{"0":{"name":"(anonymous_0)","decl":{"start":{"line":6,"column":33},"end":{"line":6,"column":34}},"loc":{"start":{"line":6,"column":54},"end":{"line":55,"column":1}},"line":6},"1":{"name":"(anonymous_1)","decl":{"start":{"line":11,"column":12},"end":{"line":11,"column":13}},"loc":{"start":{"line":11,"column":18},"end":{"line":32,"column":3}},"line":11},"2":{"name":"(anonymous_2)","decl":{"start":{"line":12,"column":35},"end":{"line":12,"column":36}},"loc":{"start":{"line":12,"column":53},"end":{"line":19,"column":5}},"line":12},"3":{"name":"(anonymous_3)","decl":{"start":{"line":26,"column":11},"end":{"line":26,"column":12}},"loc":{"start":{"line":26,"column":17},"end":{"line":31,"column":5}},"line":26},"4":{"name":"(anonymous_4)","decl":{"start":{"line":34,"column":12},"end":{"line":34,"column":13}},"loc":{"start":{"line":34,"column":18},"end":{"line":38,"column":3}},"line":34},"5":{"name":"(anonymous_5)","decl":{"start":{"line":40,"column":25},"end":{"line":40,"column":26}},"loc":{"start":{"line":40,"column":43},"end":{"line":52,"column":3}},"line":40}},"branchMap":{"0":{"loc":{"start":{"line":16,"column":6},"end":{"line":18,"column":7}},"type":"if","locations":[{"start":{"line":16,"column":6},"end":{"line":18,"column":7}},{"start":{},"end":{}}],"line":16},"1":{"loc":{"start":{"line":16,"column":10},"end":{"line":16,"column":64}},"type":"binary-expr","locations":[{"start":{"line":16,"column":10},"end":{"line":16,"column":34}},{"start":{"line":16,"column":38},"end":{"line":16,"column":64}}],"line":16},"2":{"loc":{"start":{"line":35,"column":4},"end":{"line":37,"column":5}},"type":"if","locations":[{"start":{"line":35,"column":4},"end":{"line":37,"column":5}},{"start":{},"end":{}}],"line":35},"3":{"loc":{"start":{"line":41,"column":4},"end":{"line":51,"column":5}},"type":"if","locations":[{"start":{"line":41,"column":4},"end":{"line":51,"column":5}},{"start":{},"end":{}}],"line":41}},"s":{"0":1,"1":4,"2":4,"3":4,"4":4,"5":4,"6":2,"7":2,"8":1,"9":4,"10":4,"11":4,"12":4,"13":4,"14":3,"15":4,"16":6,"17":5,"18":5,"19":5,"20":4},"f":{"0":4,"1":4,"2":2,"3":4,"4":4,"5":6},"b":{"0":[1,1],"1":[2,1],"2":[3,1],"3":[5,1]},"_coverageSchema":"1a1c01bbd47fc00a2c39e90264f33305004495a9","hash":"c90b4bda286bb1a3f52e0be04da7f845b1cd5af3"}
,"/Users/abdulbasit/Desktop/Abdul/Moniepoint/account-upgrade-ui/libs/core/src/lib/routing/hooks/use-remote-navigation.ts": {"path":"/Users/abdulbasit/Desktop/Abdul/Moniepoint/account-upgrade-ui/libs/core/src/lib/routing/hooks/use-remote-navigation.ts","statementMap":{"0":{"start":{"line":5,"column":35},"end":{"line":56,"column":1}},"1":{"start":{"line":9,"column":26},"end":{"line":9,"column":53}},"2":{"start":{"line":11,"column":2},"end":{"line":35,"column":30}},"3":{"start":{"line":12,"column":33},"end":{"line":22,"column":5}},"4":{"start":{"line":13,"column":46},"end":{"line":15,"column":14}},"5":{"start":{"line":16,"column":6},"end":{"line":21,"column":7}},"6":{"start":{"line":17,"column":29},"end":{"line":17,"column":60}},"7":{"start":{"line":18,"column":8},"end":{"line":20,"column":9}},"8":{"start":{"line":19,"column":10},"end":{"line":19,"column":44}},"9":{"start":{"line":24,"column":4},"end":{"line":27,"column":6}},"10":{"start":{"line":29,"column":4},"end":{"line":34,"column":6}},"11":{"start":{"line":30,"column":6},"end":{"line":33,"column":8}},"12":{"start":{"line":37,"column":25},"end":{"line":53,"column":3}},"13":{"start":{"line":38,"column":4},"end":{"line":52,"column":5}},"14":{"start":{"line":39,"column":6},"end":{"line":39,"column":37}},"15":{"start":{"line":40,"column":23},"end":{"line":40,"column":43}},"16":{"start":{"line":42,"column":20},"end":{"line":50,"column":7}},"17":{"start":{"line":51,"column":6},"end":{"line":51,"column":34}},"18":{"start":{"line":55,"column":2},"end":{"line":55,"column":24}}},"fnMap":{"0":{"name":"(anonymous_0)","decl":{"start":{"line":5,"column":35},"end":{"line":5,"column":36}},"loc":{"start":{"line":8,"column":5},"end":{"line":56,"column":1}},"line":8},"1":{"name":"(anonymous_1)","decl":{"start":{"line":11,"column":12},"end":{"line":11,"column":13}},"loc":{"start":{"line":11,"column":18},"end":{"line":35,"column":3}},"line":11},"2":{"name":"(anonymous_2)","decl":{"start":{"line":12,"column":33},"end":{"line":12,"column":34}},"loc":{"start":{"line":12,"column":51},"end":{"line":22,"column":5}},"line":12},"3":{"name":"(anonymous_3)","decl":{"start":{"line":29,"column":11},"end":{"line":29,"column":12}},"loc":{"start":{"line":29,"column":17},"end":{"line":34,"column":5}},"line":29},"4":{"name":"(anonymous_4)","decl":{"start":{"line":37,"column":25},"end":{"line":37,"column":26}},"loc":{"start":{"line":37,"column":43},"end":{"line":53,"column":3}},"line":37}},"branchMap":{"0":{"loc":{"start":{"line":16,"column":6},"end":{"line":21,"column":7}},"type":"if","locations":[{"start":{"line":16,"column":6},"end":{"line":21,"column":7}},{"start":{},"end":{}}],"line":16},"1":{"loc":{"start":{"line":18,"column":8},"end":{"line":20,"column":9}},"type":"if","locations":[{"start":{"line":18,"column":8},"end":{"line":20,"column":9}},{"start":{},"end":{}}],"line":18},"2":{"loc":{"start":{"line":19,"column":23},"end":{"line":19,"column":42}},"type":"binary-expr","locations":[{"start":{"line":19,"column":23},"end":{"line":19,"column":35}},{"start":{"line":19,"column":39},"end":{"line":19,"column":42}}],"line":19},"3":{"loc":{"start":{"line":38,"column":4},"end":{"line":52,"column":5}},"type":"if","locations":[{"start":{"line":38,"column":4},"end":{"line":52,"column":5}},{"start":{},"end":{}}],"line":38}},"s":{"0":1,"1":4,"2":4,"3":4,"4":5,"5":5,"6":4,"7":4,"8":3,"9":4,"10":4,"11":4,"12":4,"13":3,"14":2,"15":2,"16":2,"17":2,"18":4},"f":{"0":4,"1":4,"2":5,"3":4,"4":3},"b":{"0":[4,1],"1":[3,1],"2":[3,1],"3":[2,1]},"_coverageSchema":"1a1c01bbd47fc00a2c39e90264f33305004495a9","hash":"1acfef7e83e334cce8194149054c6a40b810e3fd"}
,"/Users/abdulbasit/Desktop/Abdul/Moniepoint/account-upgrade-ui/libs/core/src/lib/routing/hooks/use-remote-router.ts": {"path":"/Users/abdulbasit/Desktop/Abdul/Moniepoint/account-upgrade-ui/libs/core/src/lib/routing/hooks/use-remote-router.ts","statementMap":{"0":{"start":{"line":17,"column":31},"end":{"line":47,"column":1}},"1":{"start":{"line":23,"column":17},"end":{"line":27,"column":8}},"2":{"start":{"line":29,"column":25},"end":{"line":33,"column":4}},"3":{"start":{"line":30,"column":4},"end":{"line":32,"column":5}},"4":{"start":{"line":31,"column":6},"end":{"line":31,"column":28}},"5":{"start":{"line":35,"column":2},"end":{"line":44,"column":45}},"6":{"start":{"line":36,"column":4},"end":{"line":36,"column":29}},"7":{"start":{"line":36,"column":22},"end":{"line":36,"column":29}},"8":{"start":{"line":38,"column":24},"end":{"line":41,"column":6}},"9":{"start":{"line":39,"column":26},"end":{"line":39,"column":49}},"10":{"start":{"line":40,"column":6},"end":{"line":40,"column":34}},"11":{"start":{"line":43,"column":4},"end":{"line":43,"column":31}},"12":{"start":{"line":43,"column":17},"end":{"line":43,"column":30}},"13":{"start":{"line":46,"column":2},"end":{"line":46,"column":16}}},"fnMap":{"0":{"name":"(anonymous_0)","decl":{"start":{"line":17,"column":31},"end":{"line":17,"column":32}},"loc":{"start":{"line":22,"column":28},"end":{"line":47,"column":1}},"line":22},"1":{"name":"(anonymous_1)","decl":{"start":{"line":29,"column":54},"end":{"line":29,"column":55}},"loc":{"start":{"line":29,"column":64},"end":{"line":33,"column":3}},"line":29},"2":{"name":"(anonymous_2)","decl":{"start":{"line":35,"column":12},"end":{"line":35,"column":13}},"loc":{"start":{"line":35,"column":18},"end":{"line":44,"column":3}},"line":35},"3":{"name":"(anonymous_3)","decl":{"start":{"line":38,"column":41},"end":{"line":38,"column":42}},"loc":{"start":{"line":38,"column":52},"end":{"line":41,"column":5}},"line":38},"4":{"name":"(anonymous_4)","decl":{"start":{"line":43,"column":11},"end":{"line":43,"column":12}},"loc":{"start":{"line":43,"column":17},"end":{"line":43,"column":30}},"line":43}},"branchMap":{"0":{"loc":{"start":{"line":18,"column":2},"end":{"line":18,"column":22}},"type":"default-arg","locations":[{"start":{"line":18,"column":17},"end":{"line":18,"column":22}}],"line":18},"1":{"loc":{"start":{"line":23,"column":17},"end":{"line":27,"column":8}},"type":"cond-expr","locations":[{"start":{"line":24,"column":6},"end":{"line":24,"column":33}},{"start":{"line":25,"column":6},"end":{"line":27,"column":8}}],"line":23},"2":{"loc":{"start":{"line":26,"column":25},"end":{"line":26,"column":43}},"type":"binary-expr","locations":[{"start":{"line":26,"column":25},"end":{"line":26,"column":36}},{"start":{"line":26,"column":40},"end":{"line":26,"column":43}}],"line":26},"3":{"loc":{"start":{"line":30,"column":4},"end":{"line":32,"column":5}},"type":"if","locations":[{"start":{"line":30,"column":4},"end":{"line":32,"column":5}},{"start":{},"end":{}}],"line":30},"4":{"loc":{"start":{"line":36,"column":4},"end":{"line":36,"column":29}},"type":"if","locations":[{"start":{"line":36,"column":4},"end":{"line":36,"column":29}},{"start":{},"end":{}}],"line":36}},"s":{"0":1,"1":4,"2":4,"3":3,"4":2,"5":4,"6":4,"7":1,"8":3,"9":1,"10":1,"11":3,"12":3,"13":4},"f":{"0":4,"1":3,"2":4,"3":1,"4":3},"b":{"0":[1],"1":[1,3],"2":[3,3],"3":[2,1],"4":[1,3]},"_coverageSchema":"1a1c01bbd47fc00a2c39e90264f33305004495a9","hash":"891d6eea7cb6ea4b7c8e14273dec03b0e1aed089"}
,"/Users/abdulbasit/Desktop/Abdul/Moniepoint/account-upgrade-ui/libs/core/src/lib/routing/routes/paths.ts": {"path":"/Users/abdulbasit/Desktop/Abdul/Moniepoint/account-upgrade-ui/libs/core/src/lib/routing/routes/paths.ts","statementMap":{"0":{"start":{"line":4,"column":21},"end":{"line":7,"column":10}}},"fnMap":{},"branchMap":{},"s":{"0":1},"f":{},"b":{},"_coverageSchema":"1a1c01bbd47fc00a2c39e90264f33305004495a9","hash":"ea131ca586b8014264f8472a8dec6d813bd2147d"}
,"/Users/abdulbasit/Desktop/Abdul/Moniepoint/account-upgrade-ui/libs/core/src/lib/routing/routes/bo/routes.ts": {"path":"/Users/abdulbasit/Desktop/Abdul/Moniepoint/account-upgrade-ui/libs/core/src/lib/routing/routes/bo/routes.ts","statementMap":{"0":{"start":{"line":2,"column":21},"end":{"line":2,"column":23}},"1":{"start":{"line":4,"column":25},"end":{"line":8,"column":10}}},"fnMap":{},"branchMap":{},"s":{"0":1,"1":1},"f":{},"b":{},"_coverageSchema":"1a1c01bbd47fc00a2c39e90264f33305004495a9","hash":"974c231a1b5dceed285e2ef904f57f8a85f579d7"}
,"/Users/abdulbasit/Desktop/Abdul/Moniepoint/account-upgrade-ui/libs/core/src/lib/routing/routes/brm/routes.ts": {"path":"/Users/abdulbasit/Desktop/Abdul/Moniepoint/account-upgrade-ui/libs/core/src/lib/routing/routes/brm/routes.ts","statementMap":{"0":{"start":{"line":2,"column":22},"end":{"line":2,"column":24}},"1":{"start":{"line":4,"column":26},"end":{"line":8,"column":10}}},"fnMap":{},"branchMap":{},"s":{"0":1,"1":1},"f":{},"b":{},"_coverageSchema":"1a1c01bbd47fc00a2c39e90264f33305004495a9","hash":"e6ee92f9d532081bd4614f79666fa7711c10a0c8"}
}
