TN:
SF:src/lib/config/config.ts
FNF:0
FNH:0
DA:1,1
LF:1
LH:1
BRF:0
BRH:0
end_of_record
TN:
SF:src/lib/routing/constants/events.ts
FNF:0
FNH:0
DA:1,3
DA:2,3
DA:4,3
LF:3
LH:3
BRF:0
BRH:0
end_of_record
TN:
SF:src/lib/routing/constants/routes.ts
FNF:0
FNH:0
DA:2,3
DA:4,3
LF:2
LH:2
BRF:0
BRH:0
end_of_record
TN:
SF:src/lib/routing/guards/protected-route.tsx
FN:8,(anonymous_0)
FN:12,(anonymous_1)
FNF:2
FNH:2
FNDA:2,(anonymous_0)
FNDA:2,(anonymous_1)
DA:8,1
DA:12,2
DA:14,2
DA:15,1
DA:18,1
LF:5
LH:5
BRDA:10,0,0,1
BRDA:14,1,0,1
BRDA:14,1,1,1
BRF:3
BRH:3
end_of_record
TN:
SF:src/lib/routing/hooks/use-host-navigation.ts
FN:6,(anonymous_0)
FN:11,(anonymous_1)
FN:12,(anonymous_2)
FN:26,(anonymous_3)
FN:34,(anonymous_4)
FN:40,(anonymous_5)
FNF:6
FNH:6
FNDA:4,(anonymous_0)
FNDA:4,(anonymous_1)
FNDA:2,(anonymous_2)
FNDA:4,(anonymous_3)
FNDA:4,(anonymous_4)
FNDA:6,(anonymous_5)
DA:6,1
DA:7,4
DA:8,4
DA:9,4
DA:11,4
DA:12,4
DA:13,2
DA:16,2
DA:17,1
DA:21,4
DA:26,4
DA:27,4
DA:34,4
DA:35,4
DA:36,3
DA:40,4
DA:41,6
DA:42,5
DA:44,5
DA:50,5
DA:54,4
LF:21
LH:21
BRDA:16,0,0,1
BRDA:16,0,1,1
BRDA:16,1,0,2
BRDA:16,1,1,1
BRDA:35,2,0,3
BRDA:35,2,1,1
BRDA:41,3,0,5
BRDA:41,3,1,1
BRF:8
BRH:8
end_of_record
TN:
SF:src/lib/routing/hooks/use-remote-navigation.ts
FN:5,(anonymous_0)
FN:11,(anonymous_1)
FN:12,(anonymous_2)
FN:29,(anonymous_3)
FN:37,(anonymous_4)
FNF:5
FNH:5
FNDA:4,(anonymous_0)
FNDA:4,(anonymous_1)
FNDA:5,(anonymous_2)
FNDA:4,(anonymous_3)
FNDA:3,(anonymous_4)
DA:5,1
DA:9,4
DA:11,4
DA:12,4
DA:13,5
DA:16,5
DA:17,4
DA:18,4
DA:19,3
DA:24,4
DA:29,4
DA:30,4
DA:37,4
DA:38,3
DA:39,2
DA:40,2
DA:42,2
DA:51,2
DA:55,4
LF:19
LH:19
BRDA:16,0,0,4
BRDA:16,0,1,1
BRDA:18,1,0,3
BRDA:18,1,1,1
BRDA:19,2,0,3
BRDA:19,2,1,1
BRDA:38,3,0,2
BRDA:38,3,1,1
BRF:8
BRH:8
end_of_record
TN:
SF:src/lib/routing/hooks/use-remote-router.ts
FN:17,(anonymous_0)
FN:29,(anonymous_1)
FN:35,(anonymous_2)
FN:38,(anonymous_3)
FN:43,(anonymous_4)
FNF:5
FNH:5
FNDA:4,(anonymous_0)
FNDA:3,(anonymous_1)
FNDA:4,(anonymous_2)
FNDA:1,(anonymous_3)
FNDA:3,(anonymous_4)
DA:17,1
DA:23,4
DA:29,4
DA:30,3
DA:31,2
DA:35,4
DA:36,4
DA:38,3
DA:39,1
DA:40,1
DA:43,3
DA:46,4
LF:12
LH:12
BRDA:18,0,0,1
BRDA:23,1,0,1
BRDA:23,1,1,3
BRDA:26,2,0,3
BRDA:26,2,1,3
BRDA:30,3,0,2
BRDA:30,3,1,1
BRDA:36,4,0,1
BRDA:36,4,1,3
BRF:9
BRH:9
end_of_record
TN:
SF:src/lib/routing/routes/paths.ts
FNF:0
FNH:0
DA:4,1
LF:1
LH:1
BRF:0
BRH:0
end_of_record
TN:
SF:src/lib/routing/routes/bo/routes.ts
FNF:0
FNH:0
DA:2,1
DA:4,1
LF:2
LH:2
BRF:0
BRH:0
end_of_record
TN:
SF:src/lib/routing/routes/brm/routes.ts
FNF:0
FNH:0
DA:2,1
DA:4,1
LF:2
LH:2
BRF:0
BRH:0
end_of_record
