<?xml version="1.0" encoding="UTF-8"?>
<coverage generated="1734006220117" clover="3.2.0">
  <project timestamp="1734006220117" name="All files">
    <metrics statements="5" coveredstatements="5" conditionals="1" coveredconditionals="1" methods="2" coveredmethods="2" elements="8" coveredelements="8" complexity="0" loc="5" ncloc="5" packages="3" files="3" classes="3"/>
    <package name="app">
      <metrics statements="3" coveredstatements="3" conditionals="1" coveredconditionals="1" methods="1" coveredmethods="1"/>
      <file name="app.tsx" path="/Users/abdulbasit/Desktop/Abdul/Moniepoint/account-upgrade-ui/apps/bo-account-upgrade/src/app/app.tsx">
        <metrics statements="3" coveredstatements="3" conditionals="1" coveredconditionals="1" methods="1" coveredmethods="1"/>
        <line num="11" count="1" type="stmt"/>
        <line num="12" count="1" type="stmt"/>
        <line num="19" count="1" type="stmt"/>
      </file>
    </package>
    <package name="app.pages.level-2.primer">
      <metrics statements="1" coveredstatements="1" conditionals="0" coveredconditionals="0" methods="1" coveredmethods="1"/>
      <file name="page.tsx" path="/Users/abdulbasit/Desktop/Abdul/Moniepoint/account-upgrade-ui/apps/bo-account-upgrade/src/app/pages/level-2/primer/page.tsx">
        <metrics statements="1" coveredstatements="1" conditionals="0" coveredconditionals="0" methods="1" coveredmethods="1"/>
        <line num="4" count="1" type="stmt"/>
      </file>
    </package>
    <package name="app.routes">
      <metrics statements="1" coveredstatements="1" conditionals="0" coveredconditionals="0" methods="0" coveredmethods="0"/>
      <file name="routes.tsx" path="/Users/abdulbasit/Desktop/Abdul/Moniepoint/account-upgrade-ui/apps/bo-account-upgrade/src/app/routes/routes.tsx">
        <metrics statements="1" coveredstatements="1" conditionals="0" coveredconditionals="0" methods="0" coveredmethods="0"/>
        <line num="4" count="1" type="stmt"/>
      </file>
    </package>
  </project>
</coverage>
