{"/Users/abdulbasit/Desktop/Abdul/Moniepoint/account-upgrade-ui/apps/bo-account-upgrade/src/app/app.tsx": {"path":"/Users/abdulbasit/Desktop/Abdul/Moniepoint/account-upgrade-ui/apps/bo-account-upgrade/src/app/app.tsx","statementMap":{"0":{"start":{"line":11,"column":18},"end":{"line":11,"column":39}},"1":{"start":{"line":12,"column":17},"end":{"line":17,"column":4}},"2":{"start":{"line":19,"column":2},"end":{"line":19,"column":44}}},"fnMap":{"0":{"name":"App","decl":{"start":{"line":10,"column":16},"end":{"line":10,"column":19}},"loc":{"start":{"line":10,"column":69},"end":{"line":20,"column":1}},"line":10}},"branchMap":{"0":{"loc":{"start":{"line":10,"column":22},"end":{"line":10,"column":42}},"type":"default-arg","locations":[{"start":{"line":10,"column":37},"end":{"line":10,"column":42}}],"line":10}},"s":{"0":1,"1":1,"2":1},"f":{"0":1},"b":{"0":[1]},"_coverageSchema":"1a1c01bbd47fc00a2c39e90264f33305004495a9","hash":"743f5088a4933dc20f0d7bffb3bcf42abecc74ea"}
,"/Users/abdulbasit/Desktop/Abdul/Moniepoint/account-upgrade-ui/apps/bo-account-upgrade/src/app/pages/level-2/primer/page.tsx": {"path":"/Users/abdulbasit/Desktop/Abdul/Moniepoint/account-upgrade-ui/apps/bo-account-upgrade/src/app/pages/level-2/primer/page.tsx","statementMap":{"0":{"start":{"line":4,"column":2},"end":{"line":4,"column":32}}},"fnMap":{"0":{"name":"BOLevel2Primer","decl":{"start":{"line":3,"column":24},"end":{"line":3,"column":38}},"loc":{"start":{"line":3,"column":41},"end":{"line":5,"column":1}},"line":3}},"branchMap":{},"s":{"0":1},"f":{"0":1},"b":{},"_coverageSchema":"1a1c01bbd47fc00a2c39e90264f33305004495a9","hash":"48fd3b344601876b4036d87270fd878f725e71b7"}
,"/Users/abdulbasit/Desktop/Abdul/Moniepoint/account-upgrade-ui/apps/bo-account-upgrade/src/app/routes/routes.tsx": {"path":"/Users/abdulbasit/Desktop/Abdul/Moniepoint/account-upgrade-ui/apps/bo-account-upgrade/src/app/routes/routes.tsx","statementMap":{"0":{"start":{"line":4,"column":22},"end":{"line":23,"column":1}}},"fnMap":{},"branchMap":{},"s":{"0":1},"f":{},"b":{},"_coverageSchema":"1a1c01bbd47fc00a2c39e90264f33305004495a9","hash":"86e7a940c82d3a0c7c3566b8e584dd6a391f2c33"}
}
