{"/Users/abdulbasit/Desktop/Abdul/Moniepoint/account-upgrade-ui/apps/host/src/app/app.tsx": {"path":"/Users/abdulbasit/Desktop/Abdul/Moniepoint/account-upgrade-ui/apps/host/src/app/app.tsx","statementMap":{"0":{"start":{"line":11,"column":17},"end":{"line":13,"column":4}},"1":{"start":{"line":15,"column":2},"end":{"line":19,"column":4}}},"fnMap":{"0":{"name":"App","decl":{"start":{"line":10,"column":16},"end":{"line":10,"column":19}},"loc":{"start":{"line":10,"column":48},"end":{"line":20,"column":1}},"line":10}},"branchMap":{"0":{"loc":{"start":{"line":12,"column":14},"end":{"line":12,"column":55}},"type":"cond-expr","locations":[{"start":{"line":12,"column":25},"end":{"line":12,"column":49}},{"start":{"line":12,"column":52},"end":{"line":12,"column":55}}],"line":12}},"s":{"0":2,"1":2},"f":{"0":2},"b":{"0":[1,1]},"_coverageSchema":"1a1c01bbd47fc00a2c39e90264f33305004495a9","hash":"33143c8ed438fa2b665f845c63259c2dd88bc510"}
,"/Users/abdulbasit/Desktop/Abdul/Moniepoint/account-upgrade-ui/apps/host/src/app/components/mfe-app-wrapper.tsx": {"path":"/Users/abdulbasit/Desktop/Abdul/Moniepoint/account-upgrade-ui/apps/host/src/app/components/mfe-app-wrapper.tsx","statementMap":{"0":{"start":{"line":5,"column":14},"end":{"line":5,"column":48}},"1":{"start":{"line":5,"column":25},"end":{"line":5,"column":47}},"2":{"start":{"line":6,"column":15},"end":{"line":6,"column":50}},"3":{"start":{"line":6,"column":26},"end":{"line":6,"column":49}},"4":{"start":{"line":8,"column":28},"end":{"line":26,"column":1}},"5":{"start":{"line":9,"column":19},"end":{"line":9,"column":32}},"6":{"start":{"line":10,"column":25},"end":{"line":10,"column":51}},"7":{"start":{"line":12,"column":2},"end":{"line":14,"column":26}},"8":{"start":{"line":13,"column":4},"end":{"line":13,"column":38}},"9":{"start":{"line":16,"column":22},"end":{"line":16,"column":66}},"10":{"start":{"line":18,"column":2},"end":{"line":25,"column":3}},"11":{"start":{"line":20,"column":6},"end":{"line":20,"column":49}},"12":{"start":{"line":22,"column":6},"end":{"line":22,"column":50}},"13":{"start":{"line":24,"column":6},"end":{"line":24,"column":49}}},"fnMap":{"0":{"name":"(anonymous_0)","decl":{"start":{"line":5,"column":19},"end":{"line":5,"column":20}},"loc":{"start":{"line":5,"column":25},"end":{"line":5,"column":47}},"line":5},"1":{"name":"(anonymous_1)","decl":{"start":{"line":6,"column":20},"end":{"line":6,"column":21}},"loc":{"start":{"line":6,"column":26},"end":{"line":6,"column":49}},"line":6},"2":{"name":"(anonymous_2)","decl":{"start":{"line":8,"column":28},"end":{"line":8,"column":29}},"loc":{"start":{"line":8,"column":66},"end":{"line":26,"column":1}},"line":8},"3":{"name":"(anonymous_3)","decl":{"start":{"line":12,"column":12},"end":{"line":12,"column":13}},"loc":{"start":{"line":12,"column":18},"end":{"line":14,"column":3}},"line":12}},"branchMap":{"0":{"loc":{"start":{"line":18,"column":2},"end":{"line":25,"column":3}},"type":"switch","locations":[{"start":{"line":19,"column":4},"end":{"line":20,"column":49}},{"start":{"line":21,"column":4},"end":{"line":22,"column":50}},{"start":{"line":23,"column":4},"end":{"line":24,"column":49}}],"line":18}},"s":{"0":1,"1":1,"2":1,"3":1,"4":1,"5":8,"6":8,"7":8,"8":2,"9":8,"10":8,"11":2,"12":2,"13":4},"f":{"0":1,"1":1,"2":8,"3":2},"b":{"0":[2,2,4]},"_coverageSchema":"1a1c01bbd47fc00a2c39e90264f33305004495a9","hash":"f8dabbe7febd331d9afca1952227fb8fafc4173a"}
,"/Users/abdulbasit/Desktop/Abdul/Moniepoint/account-upgrade-ui/apps/host/src/app/routes/routes.tsx": {"path":"/Users/abdulbasit/Desktop/Abdul/Moniepoint/account-upgrade-ui/apps/host/src/app/routes/routes.tsx","statementMap":{"0":{"start":{"line":6,"column":22},"end":{"line":32,"column":1}}},"fnMap":{},"branchMap":{},"s":{"0":1},"f":{},"b":{},"_coverageSchema":"1a1c01bbd47fc00a2c39e90264f33305004495a9","hash":"6ddb4bf9b9c9d8c026e813ef9d2f21cfcbcb8f67"}
}
