TN:
SF:src/app/app.tsx
FN:10,App
FNF:1
FNH:1
FNDA:2,App
DA:11,2
DA:15,2
LF:2
LH:2
BRDA:12,0,0,1
BRDA:12,0,1,1
BRF:2
BRH:2
end_of_record
TN:
SF:src/app/components/mfe-app-wrapper.tsx
FN:5,(anonymous_0)
FN:6,(anonymous_1)
FN:8,(anonymous_2)
FN:12,(anonymous_3)
FNF:4
FNH:4
FNDA:1,(anonymous_0)
FNDA:1,(anonymous_1)
FNDA:8,(anonymous_2)
FNDA:2,(anonymous_3)
DA:5,1
DA:6,1
DA:8,1
DA:9,8
DA:10,8
DA:12,8
DA:13,2
DA:16,8
DA:18,8
DA:20,2
DA:22,2
DA:24,4
LF:12
LH:12
BRDA:18,0,0,2
BRDA:18,0,1,2
BRDA:18,0,2,4
BRF:3
BRH:3
end_of_record
TN:
SF:src/app/routes/routes.tsx
FNF:0
FNH:0
DA:6,1
LF:1
LH:1
BRF:0
BRH:0
end_of_record
